SF:lib\main.dart
DA:4,1
DA:5,1
DA:9,1
DA:12,1
DA:14,1
DA:16,1
DA:19,1
LF:7
LH:7
end_of_record
SF:lib\screens\home_page.dart
DA:7,1
DA:8,1
DA:16,1
DA:18,2
DA:20,1
DA:21,1
DA:24,1
DA:25,1
DA:26,2
DA:30,1
DA:31,1
DA:33,1
DA:34,1
DA:35,1
DA:43,1
DA:44,4
DA:45,1
DA:52,1
DA:53,1
DA:54,1
DA:56,1
DA:57,1
DA:58,1
DA:61,1
DA:63,1
DA:64,1
DA:70,1
DA:72,1
DA:73,1
DA:78,1
DA:83,1
DA:84,1
DA:85,1
DA:87,1
DA:88,2
LF:35
LH:35
end_of_record
SF:lib\util\time_helper.dart
DA:2,1
DA:3,4
DA:4,4
DA:5,4
LF:4
LH:4
end_of_record
SF:lib\screens\mood_screen.dart
DA:4,1
DA:5,1
DA:17,1
DA:19,1
DA:24,1
DA:26,1
DA:29,1
DA:31,1
DA:35,1
DA:36,2
DA:37,2
DA:38,3
DA:39,0
DA:40,0
DA:41,0
DA:42,0
DA:47,1
DA:48,3
DA:63,1
LF:19
LH:15
end_of_record
